#
# A fatal error has been detected by the Java Runtime Environment:
#
#  EXCEPTION_ACCESS_VIOLATION (0xc0000005) at pc=0x0000000066be0479, pid=6304, tid=6024
#
# JRE version: Java(TM) SE Runtime Environment (8.0_31-b13) (build 1.8.0_31-b13)
# Java VM: Java HotSpot(TM) 64-Bit Server VM (25.31-b07 mixed mode windows-amd64 compressed oops)
# Problematic frame:
# C  [gdx-box2d64.dll+0x20479]
#
# Failed to write core dump. Minidumps are not enabled by default on client versions of Windows
#
# If you would like to submit a bug report, please visit:
#   http://bugreport.java.com/bugreport/crash.jsp
# The crash happened outside the Java Virtual Machine in native code.
# See problematic frame for where to report the bug.
#

---------------  T H R E A D  ---------------

Current thread (0x00000000192e8800):  JavaThread "LWJGL Application" [_thread_in_native, id=6024, stack(0x000000001a3c0000,0x000000001a4c0000)]

siginfo: ExceptionCode=0xc0000005, reading address 0x0000002600000012

Registers:
RAX=0x0000002600000002, RBX=0x000000001cfb0230, RCX=0x000000001cfac220, RDX=0x000000001cf92310
RSP=0x000000001a4beb00, RBP=0x000000001cf92310, RSI=0x000000001a4bebc0, RDI=0x000000001cf92310
R8 =0x000000001cfac220, R9 =0x000000001a4bebc0, R10=0x0000000000000060, R11=0x0000000000000000
R12=0x0000000000000000, R13=0x0000000017099508, R14=0x000000001a4bed38, R15=0x00000000192e8800
RIP=0x0000000066be0479, EFLAGS=0x0000000000010206

Top of Stack: (sp=0x000000001a4beb00)
0x000000001a4beb00:   0000000000000000 0000000000000000
0x000000001a4beb10:   000000001a4beb00 000000001cfac220
0x000000001a4beb20:   0000000016a00470 000000001cfac220
0x000000001a4beb30:   000000001cfb0230 000000001cf92310
0x000000001a4beb40:   000000001a4bebc0 0000000066bdf2d9
0x000000001a4beb50:   00000000192e8800 00000000192e5bd0
0x000000001a4beb60:   0000000017099508 000000001a4bed38
0x000000001a4beb70:   00000000192e32b0 0000000017099508
0x000000001a4beb80:   0000000016a00470 0000000000038700
0x000000001a4beb90:   000000001a4becc0 0000000066be64bd
0x000000001a4beba0:   0000000017099508 00000000192e8800
0x000000001a4bebb0:   0000000017099508 00000000192e8800
0x000000001a4bebc0:   000000001cfac220 0000000000000000
0x000000001a4bebd0:   000000003e4ccccd 0001000040400000
0x000000001a4bebe0:   000000000000ffff 0000000016a00470
0x000000001a4bebf0:   0000000000000002 00000000028b5b74 

Instructions: (pc=0x0000000066be0479)
0x0000000066be0459:   41 08 00 00 00 00 89 41 34 41 0f b7 41 22 66 89
0x0000000066be0469:   41 38 41 0f b6 41 1c 88 41 3a 49 8b 09 48 8b 01
0x0000000066be0479:   ff 50 10 48 8b 10 48 89 c1 48 89 43 18 ff 52 18
0x0000000066be0489:   89 c2 89 c7 48 89 e9 c1 e2 05 e8 28 b8 fe ff 85 


Register to memory mapping:

RAX=0x0000002600000002 is an unknown value
RBX=0x000000001cfb0230 is an unknown value
RCX=0x000000001cfac220 is an unknown value
RDX=0x000000001cf92310 is an unknown value
RSP=0x000000001a4beb00 is pointing into the stack for thread: 0x00000000192e8800
RBP=0x000000001cf92310 is an unknown value
RSI=0x000000001a4bebc0 is pointing into the stack for thread: 0x00000000192e8800
RDI=0x000000001cf92310 is an unknown value
R8 =0x000000001cfac220 is an unknown value
R9 =0x000000001a4bebc0 is pointing into the stack for thread: 0x00000000192e8800
R10=0x0000000000000060 is an unknown value
R11=0x0000000000000000 is an unknown value
R12=0x0000000000000000 is an unknown value
R13={method} {0x0000000017099510} 'jniCreateFixture' '(JJFFFZSSS)J' in 'com/badlogic/gdx/physics/box2d/Body'
R14=0x000000001a4bed38 is pointing into the stack for thread: 0x00000000192e8800
R15=0x00000000192e8800 is a thread


Stack: [0x000000001a3c0000,0x000000001a4c0000],  sp=0x000000001a4beb00,  free space=1018k
Native frames: (J=compiled Java code, j=interpreted, Vv=VM code, C=native code)
C  [gdx-box2d64.dll+0x20479]
C  [gdx-box2d64.dll+0x1f2d9]
C  [gdx-box2d64.dll+0x264bd]
C  0x00000000028b5b74

Java frames: (J=compiled Java code, j=interpreted, Vv=VM code)
j  com.badlogic.gdx.physics.box2d.Body.jniCreateFixture(JJFFFZSSS)J+0
j  com.badlogic.gdx.physics.box2d.Body.createFixture(Lcom/badlogic/gdx/physics/box2d/FixtureDef;)Lcom/badlogic/gdx/physics/box2d/Fixture;+49
j  com.vertextrigger.entities.BodyFactory.buildFixture(Lcom/badlogic/gdx/physics/box2d/Body;Lcom/vertextrigger/util/ContactBody;Lcom/badlogic/gdx/physics/box2d/FixtureDef;)V+2
j  com.vertextrigger.entities.BodyFactory.createBody(Lcom/badlogic/gdx/physics/box2d/World;Lcom/badlogic/gdx/math/Vector2;Lcom/vertextrigger/util/ContactBody;Lcom/badlogic/gdx/physics/box2d/BodyDef$BodyType;Lcom/badlogic/gdx/physics/box2d/FixtureDef;)Lcom/badlogic/gdx/physics/box2d/Body;+23
j  com.vertextrigger.factories.bodyfactory.PokerBodyFactory.createPokerBody(Lcom/badlogic/gdx/physics/box2d/World;Lcom/badlogic/gdx/math/Vector2;)Lcom/badlogic/gdx/physics/box2d/Body;+13
j  com.vertextrigger.factories.EnemyFactory.createPokerEnemy(Lcom/badlogic/gdx/physics/box2d/World;Lcom/badlogic/gdx/math/Vector2;)Lcom/vertextrigger/entities/Enemy;+15
j  com.vertextrigger.levelbuilders.PrototypeLevelBuilder.createEnemies(Lcom/badlogic/gdx/physics/box2d/World;)V+10
j  com.vertextrigger.levelbuilders.LevelBuilder.buildEntities(Lcom/badlogic/gdx/physics/box2d/World;)Lcom/badlogic/gdx/utils/Array;+2
j  com.vertextrigger.screens.GameScreen.setUpLevelAndReturnInitialPosition()Lcom/badlogic/gdx/math/Vector2;+17
j  com.vertextrigger.screens.GameScreen.show()V+91
j  com.badlogic.gdx.Game.setScreen(Lcom/badlogic/gdx/Screen;)V+32
j  com.vertextrigger.main.VertexTrigger.create()V+16
j  com.badlogic.gdx.backends.lwjgl.LwjglApplication.mainLoop()V+29
j  com.badlogic.gdx.backends.lwjgl.LwjglApplication$1.run()V+27
v  ~StubRoutines::call_stub

---------------  P R O C E S S  ---------------

Java Threads: ( => current thread )
  0x00000000195c4000 JavaThread "AsynchExecutor-Thread" daemon [_thread_blocked, id=3036, stack(0x000000001ce90000,0x000000001cf90000)]
  0x00000000027a2800 JavaThread "DestroyJavaVM" [_thread_blocked, id=4004, stack(0x00000000026a0000,0x00000000027a0000)]
=>0x00000000192e8800 JavaThread "LWJGL Application" [_thread_in_native, id=6024, stack(0x000000001a3c0000,0x000000001a4c0000)]
  0x00000000173fe000 JavaThread "Service Thread" daemon [_thread_blocked, id=1908, stack(0x0000000019000000,0x0000000019100000)]
  0x00000000173a4800 JavaThread "C1 CompilerThread2" daemon [_thread_blocked, id=6768, stack(0x0000000018b00000,0x0000000018c00000)]
  0x00000000173a3800 JavaThread "C2 CompilerThread1" daemon [_thread_blocked, id=1036, stack(0x0000000018a00000,0x0000000018b00000)]
  0x000000001739c000 JavaThread "C2 CompilerThread0" daemon [_thread_blocked, id=1996, stack(0x0000000018900000,0x0000000018a00000)]
  0x00000000173a7000 JavaThread "Attach Listener" daemon [_thread_blocked, id=3472, stack(0x0000000018800000,0x0000000018900000)]
  0x00000000173a6800 JavaThread "Signal Dispatcher" daemon [_thread_blocked, id=160, stack(0x0000000018700000,0x0000000018800000)]
  0x0000000002895000 JavaThread "Finalizer" daemon [_thread_blocked, id=5840, stack(0x0000000018600000,0x0000000018700000)]
  0x000000000288c000 JavaThread "Reference Handler" daemon [_thread_blocked, id=4164, stack(0x0000000018500000,0x0000000018600000)]

Other Threads:
  0x0000000017365800 VMThread [stack: 0x0000000018400000,0x0000000018500000] [id=4880]
  0x0000000018c3f000 WatcherThread [stack: 0x0000000019100000,0x0000000019200000] [id=6712]

VM state:not at safepoint (normal execution)

VM Mutex/Monitor currently owned by a thread: None

Heap:
 PSYoungGen      total 37888K, used 19607K [0x00000000d6100000, 0x00000000d8b00000, 0x0000000100000000)
  eden space 32768K, 59% used [0x00000000d6100000,0x00000000d7425e50,0x00000000d8100000)
  from space 5120K, 0% used [0x00000000d8600000,0x00000000d8600000,0x00000000d8b00000)
  to   space 5120K, 0% used [0x00000000d8100000,0x00000000d8100000,0x00000000d8600000)
 ParOldGen       total 86016K, used 0K [0x0000000082200000, 0x0000000087600000, 0x00000000d6100000)
  object space 86016K, 0% used [0x0000000082200000,0x0000000082200000,0x0000000087600000)
 Metaspace       used 7288K, capacity 7611K, committed 7808K, reserved 1056768K
  class space    used 721K, capacity 784K, committed 896K, reserved 1048576K

Card table byte_map: [0x0000000011c60000,0x0000000012050000] byte_map_base: 0x000000001184f000

Marking Bits: (ParMarkBitMap*) 0x0000000052fad4f0
 Begin Bits: [0x00000000126f0000, 0x0000000014668000)
 End Bits:   [0x0000000014668000, 0x00000000165e0000)

Polling page: 0x0000000000f20000

CodeCache: size=245760Kb used=2669Kb max_used=2669Kb free=243090Kb
 bounds [0x00000000028a0000, 0x0000000002b40000, 0x00000000118a0000]
 total_blobs=1031 nmethods=574 adapters=371
 compilation: enabled

Compilation events (10 events):
Event: 2.262 Thread 0x00000000173a4800  570   !   3       java.net.URLClassLoader::defineClass (224 bytes)
Event: 2.266 Thread 0x00000000173a4800 nmethod 570 0x0000000002b33690 code [0x0000000002b33ac0, 0x0000000002b36708]
Event: 2.272 Thread 0x00000000173a4800  571       3       com.badlogic.gdx.math.Vector2::<init> (5 bytes)
Event: 2.272 Thread 0x00000000173a4800 nmethod 571 0x0000000002b30510 code [0x0000000002b30660, 0x0000000002b30810]
Event: 2.272 Thread 0x00000000173a4800  572       3       com.badlogic.gdx.utils.Array::add (48 bytes)
Event: 2.273 Thread 0x00000000173a4800 nmethod 572 0x0000000002b2f050 code [0x0000000002b2f200, 0x0000000002b2f628]
Event: 2.293 Thread 0x00000000173a4800  573       3       java.net.URLStreamHandler::toExternalForm (219 bytes)
Event: 2.299 Thread 0x00000000173a4800 nmethod 573 0x0000000002b37e50 code [0x0000000002b38180, 0x0000000002b3b538]
Event: 2.299 Thread 0x00000000173a4800  574       1       java.lang.System::getSecurityManager (4 bytes)
Event: 2.299 Thread 0x00000000173a4800 nmethod 574 0x0000000002b2e950 code [0x0000000002b2eaa0, 0x0000000002b2eb90]

GC Heap History (0 events):
No events

Deoptimization events (9 events):
Event: 1.778 Thread 0x00000000192e8800 Uncommon trap: reason=unreached action=reinterpret pc=0x0000000002ac1d58 method=com.badlogic.gdx.assets.AssetLoadingTask.update()Z @ 17
Event: 1.817 Thread 0x00000000192e8800 Uncommon trap: reason=class_check action=maybe_recompile pc=0x0000000002adba08 method=com.badlogic.gdx.assets.AssetLoadingTask.handleAsyncLoader()V @ 4
Event: 1.817 Thread 0x00000000192e8800 Uncommon trap: reason=class_check action=maybe_recompile pc=0x0000000002adba08 method=com.badlogic.gdx.assets.AssetLoadingTask.handleAsyncLoader()V @ 4
Event: 1.817 Thread 0x00000000192e8800 Uncommon trap: reason=class_check action=maybe_recompile pc=0x0000000002adba08 method=com.badlogic.gdx.assets.AssetLoadingTask.handleAsyncLoader()V @ 4
Event: 1.819 Thread 0x00000000192e8800 Uncommon trap: reason=class_check action=maybe_recompile pc=0x0000000002adba08 method=com.badlogic.gdx.assets.AssetLoadingTask.handleAsyncLoader()V @ 4
Event: 2.032 Thread 0x00000000192e8800 Uncommon trap: reason=class_check action=maybe_recompile pc=0x0000000002ae4fcc method=com.badlogic.gdx.assets.AssetLoadingTask.handleAsyncLoader()V @ 137
Event: 2.038 Thread 0x00000000192e8800 Uncommon trap: reason=class_check action=maybe_recompile pc=0x0000000002ae4fcc method=com.badlogic.gdx.assets.AssetLoadingTask.handleAsyncLoader()V @ 137
Event: 2.041 Thread 0x00000000192e8800 Uncommon trap: reason=class_check action=maybe_recompile pc=0x0000000002ad1148 method=com.badlogic.gdx.assets.AssetLoadingTask.handleAsyncLoader()V @ 137
Event: 2.199 Thread 0x00000000192e8800 Uncommon trap: reason=bimorphic action=maybe_recompile pc=0x0000000002b236c4 method=com.badlogic.gdx.assets.AssetLoadingTask.handleAsyncLoader()V @ 137

Internal exceptions (10 events):
Event: 2.295 Thread 0x00000000192e8800 Exception <a 'java/security/PrivilegedActionException'> (0x00000000d73e5c08) thrown at [C:\workspace\8-2-build-windows-amd64-cygwin\jdk8u31\2394\hotspot\src\share\vm\prims\jvm.cpp, line 1312]
Event: 2.296 Thread 0x00000000192e8800 Exception <a 'java/security/PrivilegedActionException'> (0x00000000d73e84f8) thrown at [C:\workspace\8-2-build-windows-amd64-cygwin\jdk8u31\2394\hotspot\src\share\vm\prims\jvm.cpp, line 1312]
Event: 2.297 Thread 0x00000000192e8800 Exception <a 'java/security/PrivilegedActionException'> (0x00000000d73ed118) thrown at [C:\workspace\8-2-build-windows-amd64-cygwin\jdk8u31\2394\hotspot\src\share\vm\prims\jvm.cpp, line 1312]
Event: 2.298 Thread 0x00000000192e8800 Exception <a 'java/security/PrivilegedActionException'> (0x00000000d73ef608) thrown at [C:\workspace\8-2-build-windows-amd64-cygwin\jdk8u31\2394\hotspot\src\share\vm\prims\jvm.cpp, line 1312]
Event: 2.300 Thread 0x00000000192e8800 Exception <a 'java/security/PrivilegedActionException'> (0x00000000d73f3e78) thrown at [C:\workspace\8-2-build-windows-amd64-cygwin\jdk8u31\2394\hotspot\src\share\vm\prims\jvm.cpp, line 1312]
Event: 2.300 Thread 0x00000000192e8800 Exception <a 'java/security/PrivilegedActionException'> (0x00000000d73f7968) thrown at [C:\workspace\8-2-build-windows-amd64-cygwin\jdk8u31\2394\hotspot\src\share\vm\prims\jvm.cpp, line 1312]
Event: 2.302 Thread 0x00000000192e8800 Exception <a 'java/security/PrivilegedActionException'> (0x00000000d73fb428) thrown at [C:\workspace\8-2-build-windows-amd64-cygwin\jdk8u31\2394\hotspot\src\share\vm\prims\jvm.cpp, line 1312]
Event: 2.302 Thread 0x00000000192e8800 Exception <a 'java/security/PrivilegedActionException'> (0x00000000d73ff628) thrown at [C:\workspace\8-2-build-windows-amd64-cygwin\jdk8u31\2394\hotspot\src\share\vm\prims\jvm.cpp, line 1312]
Event: 2.305 Thread 0x00000000192e8800 Exception <a 'java/security/PrivilegedActionException'> (0x00000000d740bce0) thrown at [C:\workspace\8-2-build-windows-amd64-cygwin\jdk8u31\2394\hotspot\src\share\vm\prims\jvm.cpp, line 1312]
Event: 2.305 Thread 0x00000000192e8800 Exception <a 'java/security/PrivilegedActionException'> (0x00000000d74104c0) thrown at [C:\workspace\8-2-build-windows-amd64-cygwin\jdk8u31\2394\hotspot\src\share\vm\prims\jvm.cpp, line 1312]

Events (10 events):
Event: 2.300 loading class com/badlogic/gdx/physics/box2d/Filter
Event: 2.300 loading class com/badlogic/gdx/physics/box2d/Filter done
Event: 2.302 loading class com/badlogic/gdx/physics/box2d/BodyDef
Event: 2.302 loading class com/badlogic/gdx/physics/box2d/BodyDef done
Event: 2.302 loading class com/badlogic/gdx/physics/box2d/Body
Event: 2.302 loading class com/badlogic/gdx/physics/box2d/Body done
Event: 2.305 loading class com/badlogic/gdx/physics/box2d/Transform
Event: 2.305 loading class com/badlogic/gdx/physics/box2d/Transform done
Event: 2.305 loading class com/badlogic/gdx/physics/box2d/MassData
Event: 2.305 loading class com/badlogic/gdx/physics/box2d/MassData done


Dynamic libraries:
0x00007ff6ce250000 - 0x00007ff6ce284000 	C:\Program Files\Java\jre1.8.0_31\bin\javaw.exe
0x00007ff9d8e20000 - 0x00007ff9d8fcc000 	C:\WINDOWS\SYSTEM32\ntdll.dll
0x00007ff9d8660000 - 0x00007ff9d879e000 	C:\WINDOWS\system32\KERNEL32.DLL
0x00007ff9d6050000 - 0x00007ff9d6165000 	C:\WINDOWS\system32\KERNELBASE.dll
0x00007ff9d4b20000 - 0x00007ff9d4bae000 	C:\WINDOWS\system32\apphelp.dll
0x00007ff9c5dd0000 - 0x00007ff9c5e23000 	C:\WINDOWS\AppPatch\AppPatch64\AcGenral.DLL
0x00007ff9d8af0000 - 0x00007ff9d8b9a000 	C:\WINDOWS\system32\msvcrt.dll
0x00007ff9d5d50000 - 0x00007ff9d5d7e000 	C:\WINDOWS\SYSTEM32\SspiCli.dll
0x00007ff9d6d10000 - 0x00007ff9d6d64000 	C:\WINDOWS\system32\SHLWAPI.dll
0x00007ff9d6d70000 - 0x00007ff9d6ee7000 	C:\WINDOWS\system32\USER32.dll
0x00007ff9d6600000 - 0x00007ff9d6794000 	C:\WINDOWS\system32\ole32.dll
0x00007ff9d7120000 - 0x00007ff9d8639000 	C:\WINDOWS\system32\SHELL32.dll
0x00007ff9d5520000 - 0x00007ff9d5541000 	C:\WINDOWS\SYSTEM32\USERENV.dll
0x00007ff9d8a30000 - 0x00007ff9d8ada000 	C:\WINDOWS\system32\ADVAPI32.dll
0x00007ff9d09c0000 - 0x00007ff9d09de000 	C:\WINDOWS\SYSTEM32\MPR.dll
0x00007ff9d6b80000 - 0x00007ff9d6cc1000 	C:\WINDOWS\system32\RPCRT4.dll
0x00007ff9d70b0000 - 0x00007ff9d7109000 	C:\WINDOWS\SYSTEM32\sechost.dll
0x00007ff9d8810000 - 0x00007ff9d8a21000 	C:\WINDOWS\SYSTEM32\combase.dll
0x00007ff9d64b0000 - 0x00007ff9d6600000 	C:\WINDOWS\system32\GDI32.dll
0x00007ff9d5f80000 - 0x00007ff9d5f95000 	C:\WINDOWS\SYSTEM32\profapi.dll
0x00007ff9d45d0000 - 0x00007ff9d4682000 	C:\WINDOWS\SYSTEM32\SHCORE.dll
0x00007ff9d6cd0000 - 0x00007ff9d6d06000 	C:\WINDOWS\system32\IMM32.DLL
0x00007ff9d8ba0000 - 0x00007ff9d8cf2000 	C:\WINDOWS\system32\MSCTF.dll
0x00007ff9d3530000 - 0x00007ff9d37aa000 	C:\WINDOWS\WinSxS\amd64_microsoft.windows.common-controls_6595b64144ccf1df_6.0.9600.17810_none_6240b9c7ecbd0bda\COMCTL32.dll
0x0000000053fe0000 - 0x00000000540b2000 	C:\Program Files\Java\jre1.8.0_31\bin\msvcr100.dll
0x00000000527d0000 - 0x000000005302a000 	C:\Program Files\Java\jre1.8.0_31\bin\server\jvm.dll
0x00007ff9c90d0000 - 0x00007ff9c90d9000 	C:\WINDOWS\SYSTEM32\WSOCK32.dll
0x00007ff9ce1f0000 - 0x00007ff9ce212000 	C:\WINDOWS\SYSTEM32\WINMM.dll
0x00007ff9d8ae0000 - 0x00007ff9d8ae7000 	C:\WINDOWS\system32\PSAPI.DLL
0x00007ff9d6a50000 - 0x00007ff9d6aaa000 	C:\WINDOWS\system32\WS2_32.dll
0x00007ff9ce1c0000 - 0x00007ff9ce1ea000 	C:\WINDOWS\SYSTEM32\WINMMBASE.dll
0x00007ff9d70a0000 - 0x00007ff9d70a9000 	C:\WINDOWS\system32\NSI.dll
0x00007ff9d6220000 - 0x00007ff9d626f000 	C:\WINDOWS\SYSTEM32\cfgmgr32.dll
0x00007ff9d4da0000 - 0x00007ff9d4dc8000 	C:\WINDOWS\SYSTEM32\DEVOBJ.dll
0x0000000053fd0000 - 0x0000000053fdf000 	C:\Program Files\Java\jre1.8.0_31\bin\verify.dll
0x00000000527a0000 - 0x00000000527c8000 	C:\Program Files\Java\jre1.8.0_31\bin\java.dll
0x0000000053fb0000 - 0x0000000053fc6000 	C:\Program Files\Java\jre1.8.0_31\bin\zip.dll
0x0000000065580000 - 0x000000006561b000 	C:\Users\Tanyel\AppData\Local\Temp\libgdxTanyel\22defe51\gdx64.dll
0x00007ff9d57f0000 - 0x00007ff9d5810000 	C:\WINDOWS\SYSTEM32\CRYPTSP.dll
0x00007ff9d5410000 - 0x00007ff9d5446000 	C:\WINDOWS\system32\rsaenh.dll
0x00007ff9d5a40000 - 0x00007ff9d5a66000 	C:\WINDOWS\SYSTEM32\bcrypt.dll
0x00007ff9d5d80000 - 0x00007ff9d5de3000 	C:\WINDOWS\system32\bcryptprimitives.dll
0x00007ff9d5df0000 - 0x00007ff9d5dfb000 	C:\WINDOWS\SYSTEM32\CRYPTBASE.dll
0x0000000052750000 - 0x000000005276a000 	C:\Program Files\Java\jre1.8.0_31\bin\net.dll
0x00007ff9d5790000 - 0x00007ff9d57e9000 	C:\WINDOWS\system32\mswsock.dll
0x00007ff9d0b40000 - 0x00007ff9d0b6a000 	C:\WINDOWS\SYSTEM32\IPHLPAPI.DLL
0x00007ff9d0b30000 - 0x00007ff9d0b3a000 	C:\WINDOWS\SYSTEM32\WINNSI.DLL
0x00007ff9d0a70000 - 0x00007ff9d0a86000 	C:\WINDOWS\SYSTEM32\dhcpcsvc6.DLL
0x00007ff9d0a50000 - 0x00007ff9d0a6a000 	C:\WINDOWS\SYSTEM32\dhcpcsvc.DLL
0x0000000052730000 - 0x0000000052741000 	C:\Program Files\Java\jre1.8.0_31\bin\nio.dll
0x0000000180000000 - 0x0000000180051000 	C:\Users\Tanyel\AppData\Local\Temp\libgdxTanyel\ccd07a7a\lwjgl64.dll
0x00007ff9c7a10000 - 0x00007ff9c7b3b000 	C:\WINDOWS\SYSTEM32\OPENGL32.dll
0x00007ff9c97e0000 - 0x00007ff9c97ea000 	C:\WINDOWS\SYSTEM32\VERSION.dll
0x00007ff9d3800000 - 0x00007ff9d382e000 	C:\WINDOWS\SYSTEM32\GLU32.dll
0x00007ff9c7240000 - 0x00007ff9c7338000 	C:\WINDOWS\SYSTEM32\DDRAW.dll
0x00007ff9d3c70000 - 0x00007ff9d3c79000 	C:\WINDOWS\SYSTEM32\DCIMAN32.dll
0x0000000019d00000 - 0x0000000019d64000 	C:\Users\Tanyel\AppData\Local\Temp\libgdxTanyel\ccd07a7a\OpenAL64.dll
0x00007ff9d4d70000 - 0x00007ff9d4d7b000 	C:\WINDOWS\SYSTEM32\kernel.appcore.dll
0x00007ff9d4c40000 - 0x00007ff9d4d69000 	C:\WINDOWS\system32\uxtheme.dll
0x00007ff9d8d00000 - 0x00007ff9d8db6000 	C:\WINDOWS\SYSTEM32\clbcatq.dll
0x00007ff9c2280000 - 0x00007ff9c231d000 	C:\WINDOWS\SYSTEM32\dsound.dll
0x00007ff9d5f20000 - 0x00007ff9d5f66000 	C:\WINDOWS\SYSTEM32\POWRPROF.dll
0x00007ff9d1ad0000 - 0x00007ff9d1b40000 	C:\WINDOWS\System32\MMDevApi.dll
0x00007ff9c9ac0000 - 0x00007ff9c9b3e000 	C:\WINDOWS\SYSTEM32\AUDIOSES.DLL
0x00007ff9d6ab0000 - 0x00007ff9d6b71000 	C:\WINDOWS\system32\OLEAUT32.dll
0x00007ff9d41a0000 - 0x00007ff9d41c1000 	C:\WINDOWS\system32\dwmapi.dll
0x00007ff9b6230000 - 0x00007ff9b6a46000 	C:\WINDOWS\SYSTEM32\ig7icd64.dll
0x00007ff9d20c0000 - 0x00007ff9d2522000 	C:\WINDOWS\SYSTEM32\igdusc64.dll
0x00007ff9d2cb0000 - 0x00007ff9d2cc2000 	C:\WINDOWS\SYSTEM32\WTSAPI32.dll
0x00007ff9c26f0000 - 0x00007ff9c2782000 	C:\WINDOWS\SYSTEM32\mscms.dll
0x00007ff9c61c0000 - 0x00007ff9c6201000 	C:\WINDOWS\SYSTEM32\icm32.dll
0x00007ff9d5ea0000 - 0x00007ff9d5efa000 	C:\WINDOWS\SYSTEM32\WINSTA.dll
0x0000000066bc0000 - 0x0000000066c7b000 	C:\Users\Tanyel\AppData\Local\Temp\libgdxTanyel\d09a820c\gdx-box2d64.dll
0x00007ff9d3de0000 - 0x00007ff9d3f69000 	C:\WINDOWS\SYSTEM32\dbghelp.dll

VM Arguments:
jvm_args: -Dfile.encoding=Cp1252 
java_command: com.vertextrigger.desktop.DesktopLauncher
java_class_path (initial): D:\Vertex-Trigger\desktop\bin;D:\Vertex-Trigger\core\bin;C:\Users\Tanyel\.gradle\caches\modules-2\files-2.1\com.badlogicgames.gdx\gdx\1.4.1\df470d263438048af74860ca51fc497c16a0c76a\gdx-1.4.1.jar;C:\Users\Tanyel\.gradle\caches\modules-2\files-2.1\com.badlogicgames.gdx\gdx-box2d\1.4.1\9e6453d244896698694a7f3059f15ae509044101\gdx-box2d-1.4.1.jar;C:\Users\Tanyel\.gradle\caches\modules-2\files-2.1\com.badlogicgames.gdx\gdx-controllers\1.4.1\70b356b52bac1cb0fd19b530e0e1ddac5776ab21\gdx-controllers-1.4.1.jar;C:\Users\Tanyel\.gradle\caches\modules-2\files-2.1\com.badlogicgames.gdx\gdx-ai\1.4.0\f7532801d6c1526df4a609341fa145acb9e8eb3a\gdx-ai-1.4.0.jar;C:\Users\Tanyel\.gradle\caches\modules-2\files-2.1\com.badlogicgames.ashley\ashley\1.3.1\43aed4ac92b8cce24e92a3836eb5ac916026b49f\ashley-1.3.1.jar;C:\Users\Tanyel\.gradle\caches\modules-2\files-2.1\com.badlogicgames.box2dlights\box2dlights\1.2\8b3baf8bd6d5fdf7052d9798977133f46a9e7a05\box2dlights-1.2.jar;D:\Eclipse\eclipse\plugins\org.junit_4.11.0.v201303080030\junit.jar;D:\Eclipse\eclipse\plugins\org.hamcrest.core_1.3.0.v201303031735.jar;C:\Users\Tanyel\Downloads\mockito-all-1.9.5.jar;D:\Vertex-Trigger\core\gdx-box2d-platform-1.4.1-natives-desktop.jar;C:\Users\Tanyel\.gradle\caches\modules-2\files-2.1\com.badlogicgames.gdx\gdx-backend-lwjgl\1.4.1\f31a8b9a0b7955fadf25ff3b77f1824b3927d4ed\gdx-backend-lwjgl-1.4.1.jar;C:\Users\Tanyel\.gradle\caches\modules-2\files-2.1\com.badlogicgames.gdx\gdx-platform\1.4.1\64fd6c8128aed2664de93681f5a1c7fa7c023b02\gdx-platform-1.4.1-natives-desktop.jar;C:\Users\Tanyel\.gradle\caches\modules-2\files-2.1\com.badlogicgames.gdx\gdx-box2d-platform\1.4.1\f5d0058176f459375361fadf3a0b3d9f6f852a37\gdx-box2d-platform-1.4.1-natives-desktop.jar;C:\Users\Tanyel\.gradle\caches\modules-2\files-2.1\com.badlogicgames.gdx\gdx-tools\1.4.1\b2195f7ca8893b764727b5a92905bedc451e9243\gdx-tools-1.4.1.jar;C:\Users\Tanyel\.gradle\caches\modules-2\files-2.1\com.badlogicgames.gdx\gdx-controllers-d
Launcher Type: SUN_STANDARD

Environment Variables:
JAVA_HOME=C:\Program Files\Java\jdk1.8.0_25
PATH=C:\ProgramData\Oracle\Java\javapath;C:\Program Files (x86)\Intel\iCLS Client\;C:\Program Files\Intel\iCLS Client\;C:\WINDOWS\system32;C:\WINDOWS;C:\WINDOWS\System32\Wbem;C:\WINDOWS\System32\WindowsPowerShell\v1.0\;C:\Program Files\Intel\Intel(R) Management Engine Components\DAL;C:\Program Files\Intel\Intel(R) Management Engine Components\IPT;C:\Program Files (x86)\Intel\Intel(R) Management Engine Components\DAL;C:\Program Files (x86)\Intel\Intel(R) Management Engine Components\IPT;C:\Program Files (x86)\Intel\OpenCL SDK\2.0\bin\x86;C:\Program Files (x86)\Intel\OpenCL SDK\2.0\bin\x64;C:\Program Files\Intel\WiFi\bin\;C:\Program Files\Common Files\Intel\WirelessCommon\;C:\Program Files\Java\jdk1.8.0_25\bin;C:\Program Files (x86)\Skype\Phone\;C:\Program Files\Apache Software Foundation\apache-maven-3.2.5\bin
USERNAME=Tanyel
OS=Windows_NT
PROCESSOR_IDENTIFIER=Intel64 Family 6 Model 58 Stepping 9, GenuineIntel



---------------  S Y S T E M  ---------------

OS: Windows 8.1 , 64 bit Build 9600 

CPU:total 4 (2 cores per cpu, 2 threads per core) family 6 model 58 stepping 9, cmov, cx8, fxsr, mmx, sse, sse2, sse3, ssse3, sse4.1, sse4.2, popcnt, avx, clmul, erms, ht, tsc, tscinvbit, tscinv

Memory: 4k page, physical 8243256k(5722400k free), swap 16631864k(13630244k free)

vm_info: Java HotSpot(TM) 64-Bit Server VM (25.31-b07) for windows-amd64 JRE (1.8.0_31-b13), built on Dec 17 2014 21:00:28 by "java_re" with MS VC++ 10.0 (VS2010)

time: Sun Aug 30 16:32:24 2015
elapsed time: 2 seconds (0d 0h 0m 2s)

